mode: set
github.com/antlinker/container/ntcbuckets.go:10.81,13.2 2 1
github.com/antlinker/container/ntcbuckets.go:34.34,45.2 6 1
github.com/antlinker/container/ntcbuckets.go:46.38,48.2 1 1
github.com/antlinker/container/ntcbuckets.go:49.30,52.12 3 1
github.com/antlinker/container/ntcbuckets.go:55.2,56.21 2 1
github.com/antlinker/container/ntcbuckets.go:52.12,54.3 1 0
github.com/antlinker/container/ntcbuckets.go:58.53,63.30 5 1
github.com/antlinker/container/ntcbuckets.go:83.2,83.51 1 1
github.com/antlinker/container/ntcbuckets.go:95.2,96.21 2 1
github.com/antlinker/container/ntcbuckets.go:63.30,64.13 1 1
github.com/antlinker/container/ntcbuckets.go:78.3,78.17 1 1
github.com/antlinker/container/ntcbuckets.go:81.3,81.17 1 1
github.com/antlinker/container/ntcbuckets.go:64.13,65.11 1 1
github.com/antlinker/container/ntcbuckets.go:66.4,66.33 0 1
github.com/antlinker/container/ntcbuckets.go:67.4,68.11 1 1
github.com/antlinker/container/ntcbuckets.go:71.5,71.22 1 1
github.com/antlinker/container/ntcbuckets.go:68.11,69.11 1 1
github.com/antlinker/container/ntcbuckets.go:71.22,73.6 1 1
github.com/antlinker/container/ntcbuckets.go:78.17,80.4 1 1
github.com/antlinker/container/ntcbuckets.go:83.51,86.13 3 1
github.com/antlinker/container/ntcbuckets.go:92.3,93.20 2 1
github.com/antlinker/container/ntcbuckets.go:86.13,91.4 2 1
github.com/antlinker/container/ntcbuckets.go:98.50,100.12 2 1
github.com/antlinker/container/ntcbuckets.go:103.2,111.12 7 1
github.com/antlinker/container/ntcbuckets.go:100.12,102.3 1 0
github.com/antlinker/container/ntcbuckets.go:114.32,116.2 1 1
github.com/antlinker/container/ntcbuckets.go:118.47,122.2 3 1
github.com/antlinker/container/ntcbuckets.go:131.40,134.32 3 1
github.com/antlinker/container/ntcbuckets.go:134.32,136.3 1 1
github.com/antlinker/container/ntcbuckets.go:138.29,140.32 2 1
github.com/antlinker/container/ntcbuckets.go:140.32,142.3 1 1
github.com/antlinker/container/ntcbuckets.go:144.49,151.2 6 1
github.com/antlinker/container/ntcbuckets.go:152.48,154.17 2 1
github.com/antlinker/container/ntcbuckets.go:158.2,160.48 3 1
github.com/antlinker/container/ntcbuckets.go:163.2,164.17 2 1
github.com/antlinker/container/ntcbuckets.go:154.17,157.3 2 0
github.com/antlinker/container/ntcbuckets.go:160.48,162.3 1 1
github.com/antlinker/container/ntcbuckets.go:166.31,168.2 1 1
github.com/antlinker/container/ntcbuckets.go:170.54,173.32 3 1
github.com/antlinker/container/ntcbuckets.go:177.2,178.6 2 1
github.com/antlinker/container/ntcbuckets.go:185.2,185.17 1 1
github.com/antlinker/container/ntcbuckets.go:173.32,175.3 1 1
github.com/antlinker/container/ntcbuckets.go:178.6,180.18 2 1
github.com/antlinker/container/ntcbuckets.go:183.3,183.26 1 1
github.com/antlinker/container/ntcbuckets.go:180.18,181.9 1 1
github.com/antlinker/container/ntcbuckets.go:193.64,198.2 4 1
github.com/antlinker/container/ntcbuckets.go:200.39,204.2 3 1
github.com/antlinker/container/ntcbuckets.go:214.38,216.2 1 1
github.com/antlinker/container/ntcbuckets.go:217.31,222.2 4 0
github.com/antlinker/container/ntcbuckets.go:223.47,228.2 4 1
github.com/antlinker/container/ntcbuckets.go:229.45,233.2 3 1
github.com/antlinker/container/ntcbuckets.go:234.47,237.24 2 1
github.com/antlinker/container/ntcbuckets.go:241.2,246.8 6 1
github.com/antlinker/container/ntcbuckets.go:237.24,240.3 2 1
